<?xml version="1.0" encoding="UTF-8"?>
<testng-results ignored="0" total="3" passed="3" failed="0" skipped="0">
  <reporter-output>
  </reporter-output>
  <suite started-at="2020-04-08T18:26:41 MDT" name="Default suite" finished-at="2020-04-08T18:27:36 MDT" duration-ms="54300">
    <groups>
    </groups>
    <test started-at="2020-04-08T18:26:41 MDT" name="Default test" finished-at="2020-04-08T18:27:36 MDT" duration-ms="54300">
      <class name="T02_LogOnSignUp">
        <test-method is-config="true" signature="homePage()[pri:0, instance:T02_LogOnSignUp@740773a3]" started-at="2020-04-08T18:26:53 MDT" name="homePage" finished-at="2020-04-08T18:27:04 MDT" duration-ms="11005" status="PASS">
          <reporter-output>
          </reporter-output>
        </test-method> <!-- homePage -->
        <test-method signature="signUp()[pri:2, instance:T02_LogOnSignUp@740773a3]" started-at="2020-04-08T18:27:15 MDT" name="signUp" finished-at="2020-04-08T18:27:22 MDT" duration-ms="7072" status="PASS">
          <reporter-output>
          </reporter-output>
        </test-method> <!-- signUp -->
        <test-method is-config="true" signature="tearDown()[pri:0, instance:T02_LogOnSignUp@740773a3]" started-at="2020-04-08T18:27:34 MDT" name="tearDown" finished-at="2020-04-08T18:27:35 MDT" duration-ms="627" status="PASS">
          <reporter-output>
          </reporter-output>
        </test-method> <!-- tearDown -->
      </class> <!-- T02_LogOnSignUp -->
      <class name="T01_HomePageValidation">
        <test-method is-config="true" signature="homePage()[pri:0, instance:T01_HomePageValidation@37f1104d]" started-at="2020-04-08T18:26:41 MDT" name="homePage" finished-at="2020-04-08T18:26:53 MDT" duration-ms="11411" status="PASS">
          <reporter-output>
          </reporter-output>
        </test-method> <!-- homePage -->
        <test-method signature="PageValidation()[pri:1, instance:T01_HomePageValidation@37f1104d]" started-at="2020-04-08T18:27:22 MDT" name="PageValidation" finished-at="2020-04-08T18:27:22 MDT" duration-ms="230" status="PASS">
          <reporter-output>
          </reporter-output>
        </test-method> <!-- PageValidation -->
        <test-method is-config="true" signature="tearDown()[pri:0, instance:T01_HomePageValidation@37f1104d]" started-at="2020-04-08T18:27:34 MDT" name="tearDown" finished-at="2020-04-08T18:27:34 MDT" duration-ms="644" status="PASS">
          <reporter-output>
          </reporter-output>
        </test-method> <!-- tearDown -->
      </class> <!-- T01_HomePageValidation -->
      <class name="T03_LogOffProcess">
        <test-method is-config="true" signature="homePage()[pri:0, instance:T03_LogOffProcess@55740540]" started-at="2020-04-08T18:27:04 MDT" name="homePage" finished-at="2020-04-08T18:27:15 MDT" duration-ms="11049" status="PASS">
          <reporter-output>
          </reporter-output>
        </test-method> <!-- homePage -->
        <test-method signature="PageValidation()[pri:3, instance:T03_LogOffProcess@55740540]" started-at="2020-04-08T18:27:22 MDT" name="PageValidation" finished-at="2020-04-08T18:27:34 MDT" duration-ms="11556" status="PASS">
          <reporter-output>
          </reporter-output>
        </test-method> <!-- PageValidation -->
        <test-method is-config="true" signature="tearDown()[pri:0, instance:T03_LogOffProcess@55740540]" started-at="2020-04-08T18:27:35 MDT" name="tearDown" finished-at="2020-04-08T18:27:36 MDT" duration-ms="673" status="PASS">
          <reporter-output>
          </reporter-output>
        </test-method> <!-- tearDown -->
      </class> <!-- T03_LogOffProcess -->
    </test> <!-- Default test -->
  </suite> <!-- Default suite -->
</testng-results>
