<?xml version="1.0" encoding="UTF-8"?>
<testng-results ignored="0" total="1" passed="1" failed="0" skipped="0">
  <reporter-output>
  </reporter-output>
  <suite started-at="2020-04-05T20:11:19 MDT" name="Default suite" finished-at="2020-04-05T20:11:35 MDT" duration-ms="15483">
    <groups>
    </groups>
    <test started-at="2020-04-05T20:11:19 MDT" name="Default test" finished-at="2020-04-05T20:11:35 MDT" duration-ms="15483">
      <class name="DigitalPointTech.Validation.HomePage">
        <test-method is-config="true" signature="intialize()[pri:0, instance:DigitalPointTech.Validation.HomePage@78ffe6dc]" started-at="2020-04-05T20:11:19 MDT" name="intialize" finished-at="2020-04-05T20:11:32 MDT" duration-ms="12218" status="PASS">
          <reporter-output>
          </reporter-output>
        </test-method> <!-- intialize -->
        <test-method signature="basePageNavigation()[pri:0, instance:DigitalPointTech.Validation.HomePage@78ffe6dc]" started-at="2020-04-05T20:11:32 MDT" name="basePageNavigation" finished-at="2020-04-05T20:11:35 MDT" duration-ms="3150" status="PASS">
          <reporter-output>
          </reporter-output>
        </test-method> <!-- basePageNavigation -->
        <test-method is-config="true" signature="teardown()[pri:0, instance:DigitalPointTech.Validation.HomePage@78ffe6dc]" started-at="2020-04-05T20:11:35 MDT" name="teardown" finished-at="2020-04-05T20:11:35 MDT" duration-ms="85" status="PASS">
          <reporter-output>
          </reporter-output>
        </test-method> <!-- teardown -->
      </class> <!-- DigitalPointTech.Validation.HomePage -->
    </test> <!-- Default test -->
  </suite> <!-- Default suite -->
</testng-results>
