<?xml version="1.0" encoding="UTF-8"?>
<!-- Generated by org.testng.reporters.JUnitXMLReporter -->
<testsuite ignored="0" hostname="LAPTOP-UJ95NADH" failures="0" tests="3" name="Default test" time="54.3" errors="0" timestamp="2020-04-08T18:27:36 MDT">
  <testcase classname="T02_LogOnSignUp" name="signUp" time="7.072"/>
  <testcase classname="T01_HomePageValidation" name="PageValidation" time="0.23"/>
  <testcase classname="T03_LogOffProcess" name="PageValidation" time="11.556"/>
</testsuite> <!-- Default test -->
