<?xml version="1.0" encoding="UTF-8"?>
<testng-results ignored="0" total="1" passed="1" failed="0" skipped="0">
  <reporter-output>
  </reporter-output>
  <suite started-at="2020-04-07T21:58:29 MDT" name="Default suite" finished-at="2020-04-07T21:58:45 MDT" duration-ms="16235">
    <groups>
    </groups>
    <test started-at="2020-04-07T21:58:29 MDT" name="Default test" finished-at="2020-04-07T21:58:45 MDT" duration-ms="16235">
      <class name="DigitalPointTech.Validation.HomePage">
        <test-method is-config="true" signature="intialize()[pri:0, instance:DigitalPointTech.Validation.HomePage@78ffe6dc]" started-at="2020-04-07T21:58:29 MDT" name="intialize" finished-at="2020-04-07T21:58:42 MDT" duration-ms="12766" status="PASS">
          <reporter-output>
          </reporter-output>
        </test-method> <!-- intialize -->
        <test-method signature="basePageNavigation()[pri:0, instance:DigitalPointTech.Validation.HomePage@78ffe6dc]" started-at="2020-04-07T21:58:42 MDT" name="basePageNavigation" finished-at="2020-04-07T21:58:45 MDT" duration-ms="3382" status="PASS">
          <reporter-output>
          </reporter-output>
        </test-method> <!-- basePageNavigation -->
        <test-method is-config="true" signature="teardown()[pri:0, instance:DigitalPointTech.Validation.HomePage@78ffe6dc]" started-at="2020-04-07T21:58:45 MDT" name="teardown" finished-at="2020-04-07T21:58:45 MDT" duration-ms="60" status="PASS">
          <reporter-output>
          </reporter-output>
        </test-method> <!-- teardown -->
      </class> <!-- DigitalPointTech.Validation.HomePage -->
    </test> <!-- Default test -->
  </suite> <!-- Default suite -->
</testng-results>
