<?xml version="1.0" encoding="UTF-8"?>
<!-- Generated by org.testng.reporters.JUnitXMLReporter -->
<testsuite ignored="0" hostname="LAPTOP-UJ95NADH" failures="1" tests="2" name="Test" time="15.487" errors="0" timestamp="2020-04-05T19:45:52 MDT">
  <testcase classname="pageObjects.loginfo" name="info" time="0.0">
    <failure type="org.testng.TestNGException" message="
Cannot inject @Test annotated Method [info] with [class java.lang.String].
For more information on native dependency injection please refer to http://testng.org/doc/documentation-main.html#native-dependency-injection">
      <![CDATA[org.testng.TestNGException: 
Cannot inject @Test annotated Method [info] with [class java.lang.String].
For more information on native dependency injection please refer to http://testng.org/doc/documentation-main.html#native-dependency-injection
at java.base/java.util.ArrayList.forEach(ArrayList.java:1540)
... Removed 26 stack frames]]>
    </failure>
  </testcase> <!-- info -->
  <testcase classname="DigitalPointTech.Validation.HomePage" name="basePageNavigation" time="3.005"/>
</testsuite> <!-- Test -->
